<?xml version="1.0" encoding="UTF-8"?>
<!-- Generated by org.testng.reporters.JUnitXMLReporter -->
<testsuite ignored="0" hostname="LAPTOP-A5HHE1BP" failures="0" tests="4" name="Test" time="165.877" errors="0" timestamp="2023-08-19T11:21:50 IST">
  <testcase classname="com.spotify.tests.PlaylistTest" name="createPlayList" time="55.193"/>
  <testcase classname="com.spotify.tests.PlaylistTest" name="getPlayList" time="44.656"/>
  <testcase classname="com.spotify.tests.PlaylistTest" name="ChangeUserPlayList" time="44.469"/>
  <testcase classname="com.spotify.tests.PlaylistTest" name="shouldNotBeAbleToCreatePlayList" time="21.474"/>
</testsuite> <!-- Test -->
