<?xml version="1.0" encoding="UTF-8"?>
<testsuite xmlns:xsi="http://www.w3.org/2001/XMLSchema-instance" xsi:noNamespaceSchemaLocation="https://maven.apache.org/surefire/maven-surefire-plugin/xsd/surefire-test-report-3.0.xsd" version="3.0" name="TestSuite" time="168.472" tests="4" errors="0" skipped="0" failures="0">
  <properties>
[...]
</properties>
  <testcase name="createPlayList" classname="com.spotify.tests.PlaylistTest" time="55.196">
    <system-out><![CDATA[Request method:	POST
Request URI:	https://api.spotify.com/v1/users/fzr4lm9d5odzzbtjvmrlccaqh/playlists
Proxy:			<none>
Request params:	<none>
Query params:	<none>
Form params:	<none>
Path params:	<none>
Headers:		Accept=*/*
				Content-Type=application/json
Cookies:		<none>
Multiparts:		<none>
Body:
{
    "description": "this is bhajan collection",
    "name": "update Bhajan Songs2",
    "public": false
}
HTTP/1.1 201 Created
content-type: application/json; charset=utf-8
cache-control: private, max-age=0
location: https://api.spotify.com/v1/playlists/37UjcCMR3hfyFPlBjgrEph
x-robots-tag: noindex, nofollow
access-control-allow-origin: *
access-control-allow-headers: Accept, App-Platform, Authorization, Content-Type, Origin, Retry-After, Spotify-App-Version, X-Cloud-Trace-Context, client-token, content-access-token
access-control-allow-methods: GET, POST, OPTIONS, PUT, DELETE, PATCH
access-control-allow-credentials: true
access-control-max-age: 604800
content-encoding: gzip
strict-transport-security: max-age=31536000
x-content-type-options: nosniff
date: Sat, 19 Aug 2023 05:53:14 GMT
server: envoy
Via: HTTP/2 edgeproxy, 1.1 google
Alt-Svc: h3=":443"; ma=2592000,h3-29=":443"; ma=2592000
Transfer-Encoding: chunked

{
    "collaborative": false,
    "description": "this is bhajan collection",
    "external_urls": {
        "spotify": "https://open.spotify.com/playlist/37UjcCMR3hfyFPlBjgrEph"
    },
    "followers": {
        "href": null,
        "total": 0
    },
    "href": "https://api.spotify.com/v1/playlists/37UjcCMR3hfyFPlBjgrEph",
    "id": "37UjcCMR3hfyFPlBjgrEph",
    "images": [
        
    ],
    "name": "update Bhajan Songs2",
    "owner": {
        "display_name": "fzr4lm9d5odzzbtjvmrlccaqh",
        "external_urls": {
            "spotify": "https://open.spotify.com/user/fzr4lm9d5odzzbtjvmrlccaqh"
        },
        "href": "https://api.spotify.com/v1/users/fzr4lm9d5odzzbtjvmrlccaqh",
        "id": "fzr4lm9d5odzzbtjvmrlccaqh",
        "type": "user",
        "uri": "spotify:user:fzr4lm9d5odzzbtjvmrlccaqh"
    },
    "primary_color": null,
    "public": false,
    "snapshot_id": "MSxjN2MzNDY5YmNlNGIzYTQ4ZWRkOGNhMzRmN2ZlZmEzN2ExYzlhZmMy",
    "tracks": {
        "href": "https://api.spotify.com/v1/playlists/37UjcCMR3hfyFPlBjgrEph/tracks",
        "items": [
            
        ],
        "limit": 100,
        "next": null,
        "offset": 0,
        "previous": null,
        "total": 0
    },
    "type": "playlist",
    "uri": "spotify:playlist:37UjcCMR3hfyFPlBjgrEph"
}
]]></system-out>
  </testcase>
  <testcase name="getPlayList" classname="com.spotify.tests.PlaylistTest" time="44.635">
    <system-out><![CDATA[Request method:	GET
Request URI:	https://api.spotify.com/v1/playlists/37UjcCMR3hfyFPlBjgrEph
Proxy:			<none>
Request params:	<none>
Query params:	<none>
Form params:	<none>
Path params:	<none>
Headers:		Accept=*/*
				Content-Type=application/json
Cookies:		<none>
Multiparts:		<none>
Body:			<none>
HTTP/1.1 200 OK
content-type: application/json; charset=utf-8
cache-control: public, max-age=0
etag: "MC-IjdjOWZhNjdkZDNhY2Y3ZGQ0NmM3NWUzZTljMWY5YzA5Ig=="
x-robots-tag: noindex, nofollow
access-control-allow-origin: *
access-control-allow-headers: Accept, App-Platform, Authorization, Content-Type, Origin, Retry-After, Spotify-App-Version, X-Cloud-Trace-Context, client-token, content-access-token
access-control-allow-methods: GET, POST, OPTIONS, PUT, DELETE, PATCH
access-control-allow-credentials: true
access-control-max-age: 604800
content-encoding: gzip
strict-transport-security: max-age=31536000
x-content-type-options: nosniff
date: Sat, 19 Aug 2023 05:53:58 GMT
server: envoy
Via: HTTP/2 edgeproxy, 1.1 google
Alt-Svc: h3=":443"; ma=2592000,h3-29=":443"; ma=2592000
Transfer-Encoding: chunked

{
    "collaborative": false,
    "description": "this is bhajan collection",
    "external_urls": {
        "spotify": "https://open.spotify.com/playlist/37UjcCMR3hfyFPlBjgrEph"
    },
    "followers": {
        "href": null,
        "total": 0
    },
    "href": "https://api.spotify.com/v1/playlists/37UjcCMR3hfyFPlBjgrEph",
    "id": "37UjcCMR3hfyFPlBjgrEph",
    "images": [
        
    ],
    "name": "update Bhajan Songs2",
    "owner": {
        "display_name": "fzr4lm9d5odzzbtjvmrlccaqh",
        "external_urls": {
            "spotify": "https://open.spotify.com/user/fzr4lm9d5odzzbtjvmrlccaqh"
        },
        "href": "https://api.spotify.com/v1/users/fzr4lm9d5odzzbtjvmrlccaqh",
        "id": "fzr4lm9d5odzzbtjvmrlccaqh",
        "type": "user",
        "uri": "spotify:user:fzr4lm9d5odzzbtjvmrlccaqh"
    },
    "primary_color": null,
    "public": false,
    "snapshot_id": "MiwwOWZmM2FkYjJkZjEwMDZhY2EyZmE5MGIyZjYxNzFkZmI5YzNlMjYz",
    "tracks": {
        "href": "https://api.spotify.com/v1/playlists/37UjcCMR3hfyFPlBjgrEph/tracks?offset=0&limit=100",
        "items": [
            
        ],
        "limit": 100,
        "next": null,
        "offset": 0,
        "previous": null,
        "total": 0
    },
    "type": "playlist",
    "uri": "spotify:playlist:37UjcCMR3hfyFPlBjgrEph"
}
]]></system-out>
  </testcase>
  <testcase name="ChangeUserPlayList" classname="com.spotify.tests.PlaylistTest" time="44.471">
    <system-out><![CDATA[Request method:	PUT
Request URI:	https://api.spotify.com/v1/playlists/37UjcCMR3hfyFPlBjgrEph
Proxy:			<none>
Request params:	<none>
Query params:	<none>
Form params:	<none>
Path params:	<none>
Headers:		Accept=*/*
				Content-Type=application/json
Cookies:		<none>
Multiparts:		<none>
Body:
{
    "description": "this is bhajan collection",
    "name": "update Bhajan Songs2updated value",
    "public": false
}
]]></system-out>
  </testcase>
  <testcase name="shouldNotBeAbleToCreatePlayList" classname="com.spotify.tests.PlaylistTest" time="21.471">
    <system-out><![CDATA[Request method:	POST
Request URI:	https://api.spotify.com/v1/users/fzr4lm9d5odzzbtjvmrlccaqh/playlists
Proxy:			<none>
Request params:	<none>
Query params:	<none>
Form params:	<none>
Path params:	<none>
Headers:		Accept=*/*
				Content-Type=application/json
Cookies:		<none>
Multiparts:		<none>
Body:
{
    "description": "this is bhajan collection",
    "name": "update Bhajan Songs2",
    "public": false
}
HTTP/1.1 401 Unauthorized
www-authenticate: Bearer realm="spotify", error="invalid_token", error_description="Invalid access token"
access-control-allow-origin: *
access-control-allow-headers: Accept, App-Platform, Authorization, Content-Type, Origin, Retry-After, Spotify-App-Version, X-Cloud-Trace-Context, client-token, content-access-token
access-control-allow-methods: GET, POST, OPTIONS, PUT, DELETE, PATCH
access-control-allow-credentials: true
access-control-max-age: 604800
content-type: application/json
content-encoding: gzip
strict-transport-security: max-age=31536000
x-content-type-options: nosniff
date: Sat, 19 Aug 2023 05:55:04 GMT
server: envoy
Via: HTTP/2 edgeproxy, 1.1 google
Alt-Svc: h3=":443"; ma=2592000,h3-29=":443"; ma=2592000
Transfer-Encoding: chunked

{
    "error": {
        "status": 401,
        "message": "Invalid access token"
    }
}
]]></system-out>
  </testcase>
</testsuite>