<?xml version="1.0" encoding="UTF-8"?>
<testng-results ignored="0" total="4" passed="4" failed="0" skipped="0">
  <reporter-output>
  </reporter-output>
  <suite started-at="2023-08-19T11:19:04 IST" name="Suite" finished-at="2023-08-19T11:21:50 IST" duration-ms="165877">
    <groups>
    </groups>
    <test started-at="2023-08-19T11:19:04 IST" name="Test" finished-at="2023-08-19T11:21:50 IST" duration-ms="165877">
      <class name="com.spotify.tests.PlaylistTest">
        <test-method signature="createPlayList()[pri:1, instance:com.spotify.tests.PlaylistTest@37e547da]" started-at="2023-08-19T11:19:04 IST" name="createPlayList" finished-at="2023-08-19T11:19:59 IST" duration-ms="55193" status="PASS">
          <reporter-output>
          </reporter-output>
        </test-method> <!-- createPlayList -->
        <test-method signature="getPlayList()[pri:2, instance:com.spotify.tests.PlaylistTest@37e547da]" started-at="2023-08-19T11:19:59 IST" name="getPlayList" finished-at="2023-08-19T11:20:44 IST" duration-ms="44656" status="PASS">
          <reporter-output>
          </reporter-output>
        </test-method> <!-- getPlayList -->
        <test-method signature="ChangeUserPlayList()[pri:3, instance:com.spotify.tests.PlaylistTest@37e547da]" started-at="2023-08-19T11:20:44 IST" name="ChangeUserPlayList" finished-at="2023-08-19T11:21:28 IST" duration-ms="44469" status="PASS">
          <reporter-output>
          </reporter-output>
        </test-method> <!-- ChangeUserPlayList -->
        <test-method signature="shouldNotBeAbleToCreatePlayList()[pri:4, instance:com.spotify.tests.PlaylistTest@37e547da]" started-at="2023-08-19T11:21:28 IST" name="shouldNotBeAbleToCreatePlayList" finished-at="2023-08-19T11:21:50 IST" duration-ms="21474" status="PASS">
          <reporter-output>
          </reporter-output>
        </test-method> <!-- shouldNotBeAbleToCreatePlayList -->
      </class> <!-- com.spotify.tests.PlaylistTest -->
    </test> <!-- Test -->
  </suite> <!-- Suite -->
</testng-results>
